Northern Ireland,OWID_NIR,2021-05-18,1579129.0,1004070.0,575059.0,11084.0,11158.0,83.39,53.02,30.37,5892.0,"Moderna, Oxford/AstraZeneca, Pfizer/BioNTech",Government of the United Kingdom,https://coronavirus.data.gov.uk/details/healthcare
Northern Ireland,OWID_NIR,2021-05-19,1592566.0,1008589.0,583977.0,13437.0,10972.0,84.1,53.26,30.84,5794.0,"Moderna, Oxford/AstraZeneca, Pfizer/BioNTech",Government of the United Kingdom,https://coronavirus.data.gov.uk/details/healthcare
Northern Ireland,OWID_NIR,2021-05-20,1604801.0,1011836.0,592965.0,12235.0,10682.0,84.75,53.43,31.31,5641.0,"Moderna, Oxford/AstraZeneca, Pfizer/BioNTech",Government of the United Kingdom,https://coronavirus.data.gov.uk/details/healthcare
Northern Ireland,OWID_NIR,2021-05-21,1616351.0,1014048.0,602303.0,11550.0,10760.0,85.36,53.55,31.81,5682.0,"Moderna, Oxford/AstraZeneca, Pfizer/BioNTech",Government of the United Kingdom,https://coronavirus.data.gov.uk/details/healthcare
Northern Ireland,OWID_NIR,2021-05-22,1624153.0,1017941.0,606212.0,7802.0,10831.0,85.77,53.76,32.01,5720.0,"Moderna, Oxford/AstraZeneca, Pfizer/BioNTech",Government of the United Kingdom,https://coronavirus.data.gov.uk/details/healthcare
Northern Ireland,OWID_NIR,2021-05-23,1634089.0,1022025.0,612064.0,9936.0,11037.0,86.29,53.97,32.32,5828.0,"Moderna, Oxford/AstraZeneca, Pfizer/BioNTech",Government of the United Kingdom,https://coronavirus.data.gov.uk/details/healthcare
Northern Ireland,OWID_NIR,2021-05-24,1647207.0,1026443.0,620764.0,13118.0,11309.0,86.99,54.2,32.78,5972.0,"Moderna, Oxford/AstraZeneca, Pfizer/BioNTech",Government of the United Kingdom,https://coronavirus.data.gov.uk/details/healthcare
Northern Ireland,OWID_NIR,2021-05-25,1660981.0,1030811.0,630170.0,13774.0,11693.0,87.71,54.43,33.28,6175.0,"Moderna, Oxford/AstraZeneca, Pfizer/BioNTech",Government of the United Kingdom,https://coronavirus.data.gov.uk/details/healthcare
Northern Ireland,OWID_NIR,2021-05-26,1674026.0,1034143.0,639883.0,13045.0,11637.0,88.4,54.61,33.79,6145.0,"Moderna, Oxford/AstraZeneca, Pfizer/BioNTech",Government of the United Kingdom,https://coronavirus.data.gov.uk/details/healthcare
Northern Ireland,OWID_NIR,2021-05-27,1686410.0,1037892.0,648518.0,12384.0,11658.0,89.06,54.81,34.25,6156.0,"Moderna, Oxford/AstraZeneca, Pfizer/BioNTech",Government of the United Kingdom,https://coronavirus.data.gov.uk/details/healthcare
Northern Ireland,OWID_NIR,2021-05-28,1695321.0,1040697.0,654624.0,8911.0,11281.0,89.53,54.96,34.57,5957.0,"Moderna, Oxford/AstraZeneca, Pfizer/BioNTech",Government of the United Kingdom,https://coronavirus.data.gov.uk/details/healthcare
Northern Ireland,OWID_NIR,2021-05-29,1702304.0,1044147.0,658157.0,6983.0,11164.0,89.89,55.14,34.76,5895.0,"Moderna, Oxford/AstraZeneca, Pfizer/BioNTech",Government of the United Kingdom,https://coronavirus.data.gov.uk/details/healthcare
Northern Ireland,OWID_NIR,2021-05-30,1709840.0,1048350.0,661490.0,7536.0,10822.0,90.29,55.36,34.93,5715.0,"Moderna, Oxford/AstraZeneca, Pfizer/BioNTech",Government of the United Kingdom,https://coronavirus.data.gov.uk/details/healthcare
Northern Ireland,OWID_NIR,2021-05-31,1720107.0,1053150.0,666957.0,10267.0,10414.0,90.83,55.61,35.22,5499.0,"Moderna, Oxford/AstraZeneca, Pfizer/BioNTech",Government of the United Kingdom,https://coronavirus.data.gov.uk/details/healthcare
Northern Ireland,OWID_NIR,2021-06-01,1737125.0,1061550.0,675575.0,17018.0,10878.0,91.73,56.06,35.68,5744.0,"Moderna, Oxford/AstraZeneca, Pfizer/BioNTech",Government of the United Kingdom,https://coronavirus.data.gov.uk/details/healthcare
Northern Ireland,OWID_NIR,2021-06-02,1758173.0,1073775.0,684398.0,21048.0,12021.0,92.84,56.7,36.14,6348.0,"Moderna, Oxford/AstraZeneca, Pfizer/BioNTech",Government of the United Kingdom,https://coronavirus.data.gov.uk/details/healthcare
Northern Ireland,OWID_NIR,2021-06-03,1771123.0,1078917.0,692206.0,12950.0,12102.0,93.53,56.98,36.55,6391.0,"Moderna, Oxford/AstraZeneca, Pfizer/BioNTech",Government of the United Kingdom,https://coronavirus.data.gov.uk/details/healthcare
Northern Ireland,OWID_NIR,2021-06-04,1782596.0,1083278.0,699318.0,11473.0,12468.0,94.13,57.21,36.93,6584.0,"Moderna, Oxford/AstraZeneca, Pfizer/BioNTech",Government of the United Kingdom,https://coronavirus.data.gov.uk/details/healthcare
Northern Ireland,OWID_NIR,2021-06-05,1790718.0,1087136.0,703582.0,8122.0,12631.0,94.56,57.41,37.15,6670.0,"Moderna, Oxford/AstraZeneca, Pfizer/BioNTech",Government of the United Kingdom,https://coronavirus.data.gov.uk/details/healthcare
Northern Ireland,OWID_NIR,2021-06-06,1800814.0,1090693.0,710121.0,10096.0,12996.0,95.1,57.6,37.5,6863.0,"Moderna, Oxford/AstraZeneca, Pfizer/BioNTech",Government of the United Kingdom,https://coronavirus.data.gov.uk/details/healthcare
Northern Ireland,OWID_NIR,2021-06-07,1814278.0,1094478.0,719800.0,13464.0,13453.0,95.81,57.8,38.01,7104.0,"Moderna, Oxford/AstraZeneca, Pfizer/BioNTech",Government of the United Kingdom,https://coronavirus.data.gov.uk/details/healthcare
Northern Ireland,OWID_NIR,2021-06-08,1826614.0,1098614.0,728000.0,12336.0,12784.0,96.46,58.02,38.44,6751.0,"Moderna, Oxford/AstraZeneca, Pfizer/BioNTech",Government of the United Kingdom,https://coronavirus.data.gov.uk/details/healthcare
Northern Ireland,OWID_NIR,2021-06-09,1837819.0,1101629.0,736190.0,11205.0,11378.0,97.05,58.17,38.88,6008.0,"Moderna, Oxford/AstraZeneca, Pfizer/BioNTech",Government of the United Kingdom,https://coronavirus.data.gov.uk/details/healthcare
Northern Ireland,OWID_NIR,2021-06-10,1849169.0,1105767.0,743402.0,11350.0,11149.0,97.65,58.39,39.26,5888.0,"Moderna, Oxford/AstraZeneca, Pfizer/BioNTech",Government of the United Kingdom,https://coronavirus.data.gov.uk/details/healthcare
Northern Ireland,OWID_NIR,2021-06-11,1862979.0,1113159.0,749820.0,13810.0,11483.0,98.38,58.78,39.6,6064.0,"Moderna, Oxford/AstraZeneca, Pfizer/BioNTech",Government of the United Kingdom,https://coronavirus.data.gov.uk/details/healthcare
Northern Ireland,OWID_NIR,2021-06-12,1863947.0,1113591.0,750356.0,968.0,10461.0,98.43,58.81,39.62,5524.0,"Moderna, Oxford/AstraZeneca, Pfizer/BioNTech",Government of the United Kingdom,https://coronavirus.data.gov.uk/details/healthcare
Northern Ireland,OWID_NIR,2021-06-13,,,,,10035.0,,,,5299.0,"Moderna, Oxford/AstraZeneca, Pfizer/BioNTech",Government of the United Kingdom,https://coronavirus.data.gov.uk/details/healthcare
Northern Ireland,OWID_NIR,2021-06-14,1878171.0,1115747.0,762424.0,,9128.0,99.18,58.92,40.26,4820.0,"Moderna, Oxford/AstraZeneca, Pfizer/BioNTech",Government of the United Kingdom,https://coronavirus.data.gov.uk/details/healthcare
Northern Ireland,OWID_NIR,2021-06-15,1899610.0,1126677.0,772933.0,21439.0,10428.0,100.31,59.5,40.82,5507.0,"Moderna, Oxford/AstraZeneca, Pfizer/BioNTech",Government of the United Kingdom,https://coronavirus.data.gov.uk/details/healthcare
Northern Ireland,OWID_NIR,2021-06-16,1911239.0,1128670.0,782569.0,11629.0,10489.0,100.93,59.6,41.33,5539.0,"Moderna, Oxford/AstraZeneca, Pfizer/BioNTech",Government of the United Kingdom,https://coronavirus.data.gov.uk/details/healthcare
Northern Ireland,OWID_NIR,2021-06-17,1922617.0,1132546.0,790071.0,11378.0,10493.0,101.53,59.81,41.72,5541.0,"Moderna, Oxford/AstraZeneca, Pfizer/BioNTech",Government of the United Kingdom,https://coronavirus.data.gov.uk/details/healthcare
Northern Ireland,OWID_NIR,2021-06-18,1932702.0,1135308.0,797394.0,10085.0,9960.0,102.06,59.95,42.11,5260.0,"Moderna, Oxford/AstraZeneca, Pfizer/BioNTech",Government of the United Kingdom,https://coronavirus.data.gov.uk/details/healthcare
Northern Ireland,OWID_NIR,2021-06-19,1941162.0,1137778.0,803384.0,8460.0,11031.0,102.51,60.08,42.42,5825.0,"Moderna, Oxford/AstraZeneca, Pfizer/BioNTech",Government of the United Kingdom,https://coronavirus.data.gov.uk/details/healthcare
Northern Ireland,OWID_NIR,2021-06-20,1951243.0,1140838.0,810405.0,10081.0,11455.0,103.04,60.24,42.8,6049.0,"Moderna, Oxford/AstraZeneca, Pfizer/BioNTech",Government of the United Kingdom,https://coronavirus.data.gov.uk/details/healthcare
Norway,NOR,2020-12-02,0.0,0.0,,,,0.0,0.0,,,"Moderna, Pfizer/BioNTech",Norwegian Institute of Public Health,https://www.fhi.no/sv/vaksine/koronavaksinasjonsprogrammet/koronavaksinasjonsstatistikk/
Norway,NOR,2020-12-03,0.0,0.0,,0.0,0.0,0.0,0.0,,0.0,"Moderna, Pfizer/BioNTech",Norwegian Institute of Public Health,https://www.fhi.no/sv/vaksine/koronavaksinasjonsprogrammet/koronavaksinasjonsstatistikk/
Norway,NOR,2020-12-04,0.0,0.0,,0.0,0.0,0.0,0.0,,0.0,"Moderna, Pfizer/BioNTech",Norwegian Institute of Public Health,https://www.fhi.no/sv/vaksine/koronavaksinasjonsprogrammet/koronavaksinasjonsstatistikk/
Norway,NOR,2020-12-05,0.0,0.0,,0.0,0.0,0.0,0.0,,0.0,"Moderna, Pfizer/BioNTech",Norwegian Institute of Public Health,https://www.fhi.no/sv/vaksine/koronavaksinasjonsprogrammet/koronavaksinasjonsstatistikk/
Norway,NOR,2020-12-06,0.0,0.0,,0.0,0.0,0.0,0.0,,0.0,"Moderna, Pfizer/BioNTech",Norwegian Institute of Public Health,https://www.fhi.no/sv/vaksine/koronavaksinasjonsprogrammet/koronavaksinasjonsstatistikk/
Norway,NOR,2020-12-07,0.0,0.0,,0.0,0.0,0.0,0.0,,0.0,"Moderna, Pfizer/BioNTech",Norwegian Institute of Public Health,https://www.fhi.no/sv/vaksine/koronavaksinasjonsprogrammet/koronavaksinasjonsstatistikk/
Norway,NOR,2020-12-08,0.0,0.0,,0.0,0.0,0.0,0.0,,0.0,"Moderna, Pfizer/BioNTech",Norwegian Institute of Public Health,https://www.fhi.no/sv/vaksine/koronavaksinasjonsprogrammet/koronavaksinasjonsstatistikk/
Norway,NOR,2020-12-09,0.0,0.0,,0.0,0.0,0.0,0.0,,0.0,"Moderna, Pfizer/BioNTech",Norwegian Institute of Public Health,https://www.fhi.no/sv/vaksine/koronavaksinasjonsprogrammet/koronavaksinasjonsstatistikk/
Norway,NOR,2020-12-10,0.0,0.0,,0.0,0.0,0.0,0.0,,0.0,"Moderna, Pfizer/BioNTech",Norwegian Institute of Public Health,https://www.fhi.no/sv/vaksine/koronavaksinasjonsprogrammet/koronavaksinasjonsstatistikk/
Norway,NOR,2020-12-11,0.0,0.0,,0.0,0.0,0.0,0.0,,0.0,"Moderna, Pfizer/BioNTech",Norwegian Institute of Public Health,https://www.fhi.no/sv/vaksine/koronavaksinasjonsprogrammet/koronavaksinasjonsstatistikk/
Norway,NOR,2020-12-12,0.0,0.0,,0.0,0.0,0.0,0.0,,0.0,"Moderna, Pfizer/BioNTech",Norwegian Institute of Public Health,https://www.fhi.no/sv/vaksine/koronavaksinasjonsprogrammet/koronavaksinasjonsstatistikk/
Norway,NOR,2020-12-13,0.0,0.0,,0.0,0.0,0.0,0.0,,0.0,"Moderna, Pfizer/BioNTech",Norwegian Institute of Public Health,https://www.fhi.no/sv/vaksine/koronavaksinasjonsprogrammet/koronavaksinasjonsstatistikk/
Norway,NOR,2020-12-14,0.0,0.0,,0.0,0.0,0.0,0.0,,0.0,"Moderna, Pfizer/BioNTech",Norwegian Institute of Public Health,https://www.fhi.no/sv/vaksine/koronavaksinasjonsprogrammet/koronavaksinasjonsstatistikk/
Norway,NOR,2020-12-15,0.0,0.0,,0.0,0.0,0.0,0.0,,0.0,"Moderna, Pfizer/BioNTech",Norwegian Institute of Public Health,https://www.fhi.no/sv/vaksine/koronavaksinasjonsprogrammet/koronavaksinasjonsstatistikk/
Norway,NOR,2020-12-16,0.0,0.0,,0.0,0.0,0.0,0.0,,0.0,"Moderna, Pfizer/BioNTech",Norwegian Institute of Public Health,https://www.fhi.no/sv/vaksine/koronavaksinasjonsprogrammet/koronavaksinasjonsstatistikk/
Norway,NOR,2020-12-17,0.0,0.0,,0.0,0.0,0.0,0.0,,0.0,"Moderna, Pfizer/BioNTech",Norwegian Institute of Public Health,https://www.fhi.no/sv/vaksine/koronavaksinasjonsprogrammet/koronavaksinasjonsstatistikk/
Norway,NOR,2020-12-18,0.0,0.0,,0.0,0.0,0.0,0.0,,0.0,"Moderna, Pfizer/BioNTech",Norwegian Institute of Public Health,https://www.fhi.no/sv/vaksine/koronavaksinasjonsprogrammet/koronavaksinasjonsstatistikk/
Norway,NOR,2020-12-19,0.0,0.0,,0.0,0.0,0.0,0.0,,0.0,"Moderna, Pfizer/BioNTech",Norwegian Institute of Public Health,https://www.fhi.no/sv/vaksine/koronavaksinasjonsprogrammet/koronavaksinasjonsstatistikk/
Norway,NOR,2020-12-20,0.0,0.0,,0.0,0.0,0.0,0.0,,0.0,"Moderna, Pfizer/BioNTech",Norwegian Institute of Public Health,https://www.fhi.no/sv/vaksine/koronavaksinasjonsprogrammet/koronavaksinasjonsstatistikk/
Norway,NOR,2020-12-21,0.0,0.0,,0.0,0.0,0.0,0.0,,0.0,"Moderna, Pfizer/BioNTech",Norwegian Institute of Public Health,https://www.fhi.no/sv/vaksine/koronavaksinasjonsprogrammet/koronavaksinasjonsstatistikk/
Norway,NOR,2020-12-22,0.0,0.0,,0.0,0.0,0.0,0.0,,0.0,"Moderna, Pfizer/BioNTech",Norwegian Institute of Public Health,https://www.fhi.no/sv/vaksine/koronavaksinasjonsprogrammet/koronavaksinasjonsstatistikk/
Norway,NOR,2020-12-23,0.0,0.0,,0.0,0.0,0.0,0.0,,0.0,"Moderna, Pfizer/BioNTech",Norwegian Institute of Public Health,https://www.fhi.no/sv/vaksine/koronavaksinasjonsprogrammet/koronavaksinasjonsstatistikk/
Norway,NOR,2020-12-24,5.0,5.0,,5.0,1.0,0.0,0.0,,0.0,"Moderna, Pfizer/BioNTech",Norwegian Institute of Public Health,https://www.fhi.no/sv/vaksine/koronavaksinasjonsprogrammet/koronavaksinasjonsstatistikk/
Norway,NOR,2020-12-25,5.0,5.0,,0.0,1.0,0.0,0.0,,0.0,"Moderna, Pfizer/BioNTech",Norwegian Institute of Public Health,https://www.fhi.no/sv/vaksine/koronavaksinasjonsprogrammet/koronavaksinasjonsstatistikk/
Norway,NOR,2020-12-26,5.0,5.0,,0.0,1.0,0.0,0.0,,0.0,"Moderna, Pfizer/BioNTech",Norwegian Institute of Public Health,https://www.fhi.no/sv/vaksine/koronavaksinasjonsprogrammet/koronavaksinasjonsstatistikk/
Norway,NOR,2020-12-27,16.0,16.0,,11.0,2.0,0.0,0.0,,0.0,"Moderna, Pfizer/BioNTech",Norwegian Institute of Public Health,https://www.fhi.no/sv/vaksine/koronavaksinasjonsprogrammet/koronavaksinasjonsstatistikk/
Norway,NOR,2020-12-28,625.0,625.0,,609.0,89.0,0.01,0.01,,16.0,"Moderna, Pfizer/BioNTech",Norwegian Institute of Public Health,https://www.fhi.no/sv/vaksine/koronavaksinasjonsprogrammet/koronavaksinasjonsstatistikk/
Norway,NOR,2020-12-29,1696.0,1696.0,,1071.0,242.0,0.03,0.03,,45.0,"Moderna, Pfizer/BioNTech",Norwegian Institute of Public Health,https://www.fhi.no/sv/vaksine/koronavaksinasjonsprogrammet/koronavaksinasjonsstatistikk/
Norway,NOR,2020-12-30,2135.0,2135.0,,439.0,305.0,0.04,0.04,,56.0,"Moderna, Pfizer/BioNTech",Norwegian Institute of Public Health,https://www.fhi.no/sv/vaksine/koronavaksinasjonsprogrammet/koronavaksinasjonsstatistikk/
Norway,NOR,2020-12-31,2211.0,2211.0,,76.0,315.0,0.04,0.04,,58.0,"Moderna, Pfizer/BioNTech",Norwegian Institute of Public Health,https://www.fhi.no/sv/vaksine/koronavaksinasjonsprogrammet/koronavaksinasjonsstatistikk/
Norway,NOR,2021-01-01,2223.0,2223.0,,12.0,317.0,0.04,0.04,,58.0,"Moderna, Pfizer/BioNTech",Norwegian Institute of Public Health,https://www.fhi.no/sv/vaksine/koronavaksinasjonsprogrammet/koronavaksinasjonsstatistikk/
Norway,NOR,2021-01-02,2230.0,2230.0,,7.0,318.0,0.04,0.04,,59.0,"Moderna, Pfizer/BioNTech",Norwegian Institute of Public Health,https://www.fhi.no/sv/vaksine/koronavaksinasjonsprogrammet/koronavaksinasjonsstatistikk/
Norway,NOR,2021-01-03,2253.0,2253.0,,23.0,320.0,0.04,0.04,,59.0,"Moderna, Pfizer/BioNTech",Norwegian Institute of Public Health,https://www.fhi.no/sv/vaksine/koronavaksinasjonsprogrammet/koronavaksinasjonsstatistikk/
Norway,NOR,2021-01-04,2265.0,2265.0,,12.0,234.0,0.04,0.04,,43.0,"Moderna, Pfizer/BioNTech",Norwegian Institute of Public Health,https://www.fhi.no/sv/vaksine/koronavaksinasjonsprogrammet/koronavaksinasjonsstatistikk/
Norway,NOR,2021-01-05,5660.0,5660.0,,3395.0,566.0,0.1,0.1,,104.0,"Moderna, Pfizer/BioNTech",Norwegian Institute of Public Health,https://www.fhi.no/sv/vaksine/koronavaksinasjonsprogrammet/koronavaksinasjonsstatistikk/
Norway,NOR,2021-01-06,14746.0,14746.0,,9086.0,1802.0,0.27,0.27,,332.0,"Moderna, Pfizer/BioNTech",Norwegian Institute of Public Health,https://www.fhi.no/sv/vaksine/koronavaksinasjonsprogrammet/koronavaksinasjonsstatistikk/
Norway,NOR,2021-01-07,21317.0,21317.0,,6571.0,2729.0,0.39,0.39,,503.0,"Moderna, Pfizer/BioNTech",Norwegian Institute of Public Health,https://www.fhi.no/sv/vaksine/koronavaksinasjonsprogrammet/koronavaksinasjonsstatistikk/
Norway,NOR,2021-01-08,22936.0,22936.0,,1619.0,2959.0,0.42,0.42,,546.0,"Moderna, Pfizer/BioNTech",Norwegian Institute of Public Health,https://www.fhi.no/sv/vaksine/koronavaksinasjonsprogrammet/koronavaksinasjonsstatistikk/
Norway,NOR,2021-01-09,23082.0,23082.0,,146.0,2979.0,0.43,0.43,,550.0,"Moderna, Pfizer/BioNTech",Norwegian Institute of Public Health,https://www.fhi.no/sv/vaksine/koronavaksinasjonsprogrammet/koronavaksinasjonsstatistikk/
Norway,NOR,2021-01-10,23199.0,23199.0,,117.0,2992.0,0.43,0.43,,552.0,"Moderna, Pfizer/BioNTech",Norwegian Institute of Public Health,https://www.fhi.no/sv/vaksine/koronavaksinasjonsprogrammet/koronavaksinasjonsstatistikk/
Norway,NOR,2021-01-11,23585.0,23585.0,,386.0,3046.0,0.44,0.44,,562.0,"Moderna, Pfizer/BioNTech",Norwegian Institute of Public Health,https://www.fhi.no/sv/vaksine/koronavaksinasjonsprogrammet/koronavaksinasjonsstatistikk/
Norway,NOR,2021-01-12,27882.0,27882.0,,4297.0,3175.0,0.51,0.51,,586.0,"Moderna, Pfizer/BioNTech",Norwegian Institute of Public Health,https://www.fhi.no/sv/vaksine/koronavaksinasjonsprogrammet/koronavaksinasjonsstatistikk/
Norway,NOR,2021-01-13,37754.0,37754.0,,9872.0,3287.0,0.7,0.7,,606.0,"Moderna, Pfizer/BioNTech",Norwegian Institute of Public Health,https://www.fhi.no/sv/vaksine/koronavaksinasjonsprogrammet/koronavaksinasjonsstatistikk/
Norway,NOR,2021-01-14,46268.0,46268.0,,8514.0,3564.0,0.85,0.85,,657.0,"Moderna, Pfizer/BioNTech",Norwegian Institute of Public Health,https://www.fhi.no/sv/vaksine/koronavaksinasjonsprogrammet/koronavaksinasjonsstatistikk/
Norway,NOR,2021-01-15,50791.0,50791.0,,4523.0,3979.0,0.94,0.94,,734.0,"Moderna, Pfizer/BioNTech",Norwegian Institute of Public Health,https://www.fhi.no/sv/vaksine/koronavaksinasjonsprogrammet/koronavaksinasjonsstatistikk/
Norway,NOR,2021-01-16,51561.0,51561.0,,770.0,4068.0,0.95,0.95,,750.0,"Moderna, Pfizer/BioNTech",Norwegian Institute of Public Health,https://www.fhi.no/sv/vaksine/koronavaksinasjonsprogrammet/koronavaksinasjonsstatistikk/
Norway,NOR,2021-01-17,51938.0,51931.0,7.0,377.0,4106.0,0.96,0.96,0.0,757.0,"Moderna, Pfizer/BioNTech",Norwegian Institute of Public Health,https://www.fhi.no/sv/vaksine/koronavaksinasjonsprogrammet/koronavaksinasjonsstatistikk/
Norway,NOR,2021-01-18,53537.0,53229.0,308.0,1599.0,4279.0,0.99,0.98,0.01,789.0,"Moderna, Pfizer/BioNTech",Norwegian Institute of Public Health,https://www.fhi.no/sv/vaksine/koronavaksinasjonsprogrammet/koronavaksinasjonsstatistikk/
Norway,NOR,2021-01-19,58973.0,57841.0,1132.0,5436.0,4442.0,1.09,1.07,0.02,819.0,"Moderna, Pfizer/BioNTech",Norwegian Institute of Public Health,https://www.fhi.no/sv/vaksine/koronavaksinasjonsprogrammet/koronavaksinasjonsstatistikk/
Norway,NOR,2021-01-20,69763.0,67936.0,1827.0,10790.0,4573.0,1.29,1.25,0.03,844.0,"Moderna, Pfizer/BioNTech",Norwegian Institute of Public Health,https://www.fhi.no/sv/vaksine/koronavaksinasjonsprogrammet/koronavaksinasjonsstatistikk/
Norway,NOR,2021-01-21,78429.0,76429.0,2000.0,8666.0,4594.0,1.45,1.41,0.04,847.0,"Moderna, Pfizer/BioNTech",Norwegian Institute of Public Health,https://www.fhi.no/sv/vaksine/koronavaksinasjonsprogrammet/koronavaksinasjonsstatistikk/
Norway,NOR,2021-01-22,81800.0,79788.0,2012.0,3371.0,4430.0,1.51,1.47,0.04,817.0,"Moderna, Pfizer/BioNTech",Norwegian Institute of Public Health,https://www.fhi.no/sv/vaksine/koronavaksinasjonsprogrammet/koronavaksinasjonsstatistikk/
Norway,NOR,2021-01-23,82172.0,80160.0,2012.0,372.0,4373.0,1.52,1.48,0.04,807.0,"Moderna, Pfizer/BioNTech",Norwegian Institute of Public Health,https://www.fhi.no/sv/vaksine/koronavaksinasjonsprogrammet/koronavaksinasjonsstatistikk/
Norway,NOR,2021-01-24,82247.0,80235.0,2012.0,75.0,4330.0,1.52,1.48,0.04,799.0,"Moderna, Pfizer/BioNTech",Norwegian Institute of Public Health,https://www.fhi.no/sv/vaksine/koronavaksinasjonsprogrammet/koronavaksinasjonsstatistikk/
Norway,NOR,2021-01-25,82853.0,80832.0,2021.0,606.0,4188.0,1.53,1.49,0.04,773.0,"Moderna, Pfizer/BioNTech",Norwegian Institute of Public Health,https://www.fhi.no/sv/vaksine/koronavaksinasjonsprogrammet/koronavaksinasjonsstatistikk/
Norway,NOR,2021-01-26,87545.0,83143.0,4402.0,4692.0,4082.0,1.61,1.53,0.08,753.0,"Moderna, Pfizer/BioNTech",Norwegian Institute of Public Health,https://www.fhi.no/sv/vaksine/koronavaksinasjonsprogrammet/koronavaksinasjonsstatistikk/
Norway,NOR,2021-01-27,106865.0,94690.0,12175.0,19320.0,5300.0,1.97,1.75,0.22,978.0,"Moderna, Pfizer/BioNTech",Norwegian Institute of Public Health,https://www.fhi.no/sv/vaksine/koronavaksinasjonsprogrammet/koronavaksinasjonsstatistikk/
Norway,NOR,2021-01-28,124459.0,105636.0,18823.0,17594.0,6576.0,2.3,1.95,0.35,1213.0,"Moderna, Pfizer/BioNTech",Norwegian Institute of Public Health,https://www.fhi.no/sv/vaksine/koronavaksinasjonsprogrammet/koronavaksinasjonsstatistikk/
Norway,NOR,2021-01-29,130420.0,109480.0,20940.0,5961.0,6946.0,2.41,2.02,0.39,1281.0,"Moderna, Pfizer/BioNTech",Norwegian Institute of Public Health,https://www.fhi.no/sv/vaksine/koronavaksinasjonsprogrammet/koronavaksinasjonsstatistikk/
Norway,NOR,2021-01-30,130804.0,109651.0,21153.0,384.0,6947.0,2.41,2.02,0.39,1281.0,"Moderna, Pfizer/BioNTech",Norwegian Institute of Public Health,https://www.fhi.no/sv/vaksine/koronavaksinasjonsprogrammet/koronavaksinasjonsstatistikk/
Norway,NOR,2021-01-31,131005.0,109794.0,21211.0,201.0,6965.0,2.42,2.03,0.39,1285.0,"Moderna, Pfizer/BioNTech",Norwegian Institute of Public Health,https://www.fhi.no/sv/vaksine/koronavaksinasjonsprogrammet/koronavaksinasjonsstatistikk/
Norway,NOR,2021-02-01,131550.0,110007.0,21543.0,545.0,6957.0,2.43,2.03,0.4,1283.0,"Moderna, Pfizer/BioNTech",Norwegian Institute of Public Health,https://www.fhi.no/sv/vaksine/koronavaksinasjonsprogrammet/koronavaksinasjonsstatistikk/
Norway,NOR,2021-02-02,141227.0,116379.0,24848.0,9677.0,7669.0,2.61,2.15,0.46,1415.0,"Moderna, Pfizer/BioNTech",Norwegian Institute of Public Health,https://www.fhi.no/sv/vaksine/koronavaksinasjonsprogrammet/koronavaksinasjonsstatistikk/
Norway,NOR,2021-02-03,175245.0,141663.0,33582.0,34018.0,9769.0,3.23,2.61,0.62,1802.0,"Moderna, Pfizer/BioNTech",Norwegian Institute of Public Health,https://www.fhi.no/sv/vaksine/koronavaksinasjonsprogrammet/koronavaksinasjonsstatistikk/
Norway,NOR,2021-02-04,210203.0,167741.0,42462.0,34958.0,12249.0,3.88,3.09,0.78,2259.0,"Moderna, Pfizer/BioNTech",Norwegian Institute of Public Health,https://www.fhi.no/sv/vaksine/koronavaksinasjonsprogrammet/koronavaksinasjonsstatistikk/
Norway,NOR,2021-02-05,225955.0,178524.0,47431.0,15752.0,13648.0,4.17,3.29,0.87,2518.0,"Moderna, Pfizer/BioNTech",Norwegian Institute of Public Health,https://www.fhi.no/sv/vaksine/koronavaksinasjonsprogrammet/koronavaksinasjonsstatistikk/
